This is pdfTeX, Version 3.1415926-2.5-1.40.14 (MiKTeX 2.9 64-bit) (preloaded format=pdflatex 2015.4.22)  30 APR 2015 14:10
entering extended mode
**TFE.tex
("J:\CODING\repos\git\py\tickets\rapport tfe\latex\TFE.tex"
LaTeX2e <2011/06/27>
Babel <v3.8m> and hyphenation patterns for english, afrikaans, ancientgreek, arabic, armenian, assamese, basque, bengali
, bokmal, bulgarian, catalan, coptic, croatian, czech, danish, dutch, esperanto, estonian, farsi, finnish, french, galic
ian, german, german-x-2013-05-26, greek, gujarati, hindi, hungarian, icelandic, indonesian, interlingua, irish, italian,
 kannada, kurmanji, latin, latvian, lithuanian, malayalam, marathi, mongolian, mongolianlmc, monogreek, ngerman, ngerman
-x-2013-05-26, nynorsk, oriya, panjabi, pinyin, polish, portuguese, romanian, russian, sanskrit, serbian, slovak, sloven
ian, spanish, swedish, swissgerman, tamil, telugu, turkish, turkmen, ukenglish, ukrainian, uppersorbian, usenglishmax, w
elsh, loaded.
("C:\Program Files\MiKTeX 2.9\tex\latex\base\report.cls"
Document Class: report 2007/10/19 v1.4h Standard LaTeX document class
("C:\Program Files\MiKTeX 2.9\tex\latex\base\size12.clo"
File: size12.clo 2007/10/19 v1.4h Standard LaTeX file (size option)
)
\c@part=\count79
\c@chapter=\count80
\c@section=\count81
\c@subsection=\count82
\c@subsubsection=\count83
\c@paragraph=\count84
\c@subparagraph=\count85
\c@figure=\count86
\c@table=\count87
\abovecaptionskip=\skip41
\belowcaptionskip=\skip42
\bibindent=\dimen102
) ("C:\Program Files\MiKTeX 2.9\tex\latex\lm\lmodern.sty"
Package: lmodern 2009/10/30 v1.6 Latin Modern Fonts
LaTeX Font Info:    Overwriting symbol font `operators' in version `normal'
(Font)                  OT1/cmr/m/n --> OT1/lmr/m/n on input line 22.
LaTeX Font Info:    Overwriting symbol font `letters' in version `normal'
(Font)                  OML/cmm/m/it --> OML/lmm/m/it on input line 23.
LaTeX Font Info:    Overwriting symbol font `symbols' in version `normal'
(Font)                  OMS/cmsy/m/n --> OMS/lmsy/m/n on input line 24.
LaTeX Font Info:    Overwriting symbol font `largesymbols' in version `normal'
(Font)                  OMX/cmex/m/n --> OMX/lmex/m/n on input line 25.
LaTeX Font Info:    Overwriting symbol font `operators' in version `bold'
(Font)                  OT1/cmr/bx/n --> OT1/lmr/bx/n on input line 26.
LaTeX Font Info:    Overwriting symbol font `letters' in version `bold'
(Font)                  OML/cmm/b/it --> OML/lmm/b/it on input line 27.
LaTeX Font Info:    Overwriting symbol font `symbols' in version `bold'
(Font)                  OMS/cmsy/b/n --> OMS/lmsy/b/n on input line 28.
LaTeX Font Info:    Overwriting symbol font `largesymbols' in version `bold'
(Font)                  OMX/cmex/m/n --> OMX/lmex/m/n on input line 29.
LaTeX Font Info:    Overwriting math alphabet `\mathbf' in version `normal'
(Font)                  OT1/cmr/bx/n --> OT1/lmr/bx/n on input line 31.
LaTeX Font Info:    Overwriting math alphabet `\mathsf' in version `normal'
(Font)                  OT1/cmss/m/n --> OT1/lmss/m/n on input line 32.
LaTeX Font Info:    Overwriting math alphabet `\mathit' in version `normal'
(Font)                  OT1/cmr/m/it --> OT1/lmr/m/it on input line 33.
LaTeX Font Info:    Overwriting math alphabet `\mathtt' in version `normal'
(Font)                  OT1/cmtt/m/n --> OT1/lmtt/m/n on input line 34.
LaTeX Font Info:    Overwriting math alphabet `\mathbf' in version `bold'
(Font)                  OT1/cmr/bx/n --> OT1/lmr/bx/n on input line 35.
LaTeX Font Info:    Overwriting math alphabet `\mathsf' in version `bold'
(Font)                  OT1/cmss/bx/n --> OT1/lmss/bx/n on input line 36.
LaTeX Font Info:    Overwriting math alphabet `\mathit' in version `bold'
(Font)                  OT1/cmr/bx/it --> OT1/lmr/bx/it on input line 37.
LaTeX Font Info:    Overwriting math alphabet `\mathtt' in version `bold'
(Font)                  OT1/cmtt/m/n --> OT1/lmtt/m/n on input line 38.
)
("C:\Program Files\MiKTeX 2.9\tex\latex\base\inputenc.sty"
Package: inputenc 2008/03/30 v1.1d Input encoding file
\inpenc@prehook=\toks14
\inpenc@posthook=\toks15
 ("C:\Program Files\MiKTeX 2.9\tex\latex\base\utf8.def"
File: utf8.def 2008/04/05 v1.1m UTF-8 support for inputenc
Now handling font encoding OML ...
... no UTF-8 mapping file for font encoding OML
Now handling font encoding T1 ...
... processing UTF-8 mapping file for font encoding T1

("C:\Program Files\MiKTeX 2.9\tex\latex\base\t1enc.dfu"
File: t1enc.dfu 2008/04/05 v1.1m UTF-8 support for inputenc
   defining Unicode char U+00A1 (decimal 161)
   defining Unicode char U+00A3 (decimal 163)
   defining Unicode char U+00AB (decimal 171)
   defining Unicode char U+00BB (decimal 187)
   defining Unicode char U+00BF (decimal 191)
   defining Unicode char U+00C0 (decimal 192)
   defining Unicode char U+00C1 (decimal 193)
   defining Unicode char U+00C2 (decimal 194)
   defining Unicode char U+00C3 (decimal 195)
   defining Unicode char U+00C4 (decimal 196)
   defining Unicode char U+00C5 (decimal 197)
   defining Unicode char U+00C6 (decimal 198)
   defining Unicode char U+00C7 (decimal 199)
   defining Unicode char U+00C8 (decimal 200)
   defining Unicode char U+00C9 (decimal 201)
   defining Unicode char U+00CA (decimal 202)
   defining Unicode char U+00CB (decimal 203)
   defining Unicode char U+00CC (decimal 204)
   defining Unicode char U+00CD (decimal 205)
   defining Unicode char U+00CE (decimal 206)
   defining Unicode char U+00CF (decimal 207)
   defining Unicode char U+00D0 (decimal 208)
   defining Unicode char U+00D1 (decimal 209)
   defining Unicode char U+00D2 (decimal 210)
   defining Unicode char U+00D3 (decimal 211)
   defining Unicode char U+00D4 (decimal 212)
   defining Unicode char U+00D5 (decimal 213)
   defining Unicode char U+00D6 (decimal 214)
   defining Unicode char U+00D8 (decimal 216)
   defining Unicode char U+00D9 (decimal 217)
   defining Unicode char U+00DA (decimal 218)
   defining Unicode char U+00DB (decimal 219)
   defining Unicode char U+00DC (decimal 220)
   defining Unicode char U+00DD (decimal 221)
   defining Unicode char U+00DE (decimal 222)
   defining Unicode char U+00DF (decimal 223)
   defining Unicode char U+00E0 (decimal 224)
   defining Unicode char U+00E1 (decimal 225)
   defining Unicode char U+00E2 (decimal 226)
   defining Unicode char U+00E3 (decimal 227)
   defining Unicode char U+00E4 (decimal 228)
   defining Unicode char U+00E5 (decimal 229)
   defining Unicode char U+00E6 (decimal 230)
   defining Unicode char U+00E7 (decimal 231)
   defining Unicode char U+00E8 (decimal 232)
   defining Unicode char U+00E9 (decimal 233)
   defining Unicode char U+00EA (decimal 234)
   defining Unicode char U+00EB (decimal 235)
   defining Unicode char U+00EC (decimal 236)
   defining Unicode char U+00ED (decimal 237)
   defining Unicode char U+00EE (decimal 238)
   defining Unicode char U+00EF (decimal 239)
   defining Unicode char U+00F0 (decimal 240)
   defining Unicode char U+00F1 (decimal 241)
   defining Unicode char U+00F2 (decimal 242)
   defining Unicode char U+00F3 (decimal 243)
   defining Unicode char U+00F4 (decimal 244)
   defining Unicode char U+00F5 (decimal 245)
   defining Unicode char U+00F6 (decimal 246)
   defining Unicode char U+00F8 (decimal 248)
   defining Unicode char U+00F9 (decimal 249)
   defining Unicode char U+00FA (decimal 250)
   defining Unicode char U+00FB (decimal 251)
   defining Unicode char U+00FC (decimal 252)
   defining Unicode char U+00FD (decimal 253)
   defining Unicode char U+00FE (decimal 254)
   defining Unicode char U+00FF (decimal 255)
   defining Unicode char U+0102 (decimal 258)
   defining Unicode char U+0103 (decimal 259)
   defining Unicode char U+0104 (decimal 260)
   defining Unicode char U+0105 (decimal 261)
   defining Unicode char U+0106 (decimal 262)
   defining Unicode char U+0107 (decimal 263)
   defining Unicode char U+010C (decimal 268)
   defining Unicode char U+010D (decimal 269)
   defining Unicode char U+010E (decimal 270)
   defining Unicode char U+010F (decimal 271)
   defining Unicode char U+0110 (decimal 272)
   defining Unicode char U+0111 (decimal 273)
   defining Unicode char U+0118 (decimal 280)
   defining Unicode char U+0119 (decimal 281)
   defining Unicode char U+011A (decimal 282)
   defining Unicode char U+011B (decimal 283)
   defining Unicode char U+011E (decimal 286)
   defining Unicode char U+011F (decimal 287)
   defining Unicode char U+0130 (decimal 304)
   defining Unicode char U+0131 (decimal 305)
   defining Unicode char U+0132 (decimal 306)
   defining Unicode char U+0133 (decimal 307)
   defining Unicode char U+0139 (decimal 313)
   defining Unicode char U+013A (decimal 314)
   defining Unicode char U+013D (decimal 317)
   defining Unicode char U+013E (decimal 318)
   defining Unicode char U+0141 (decimal 321)
   defining Unicode char U+0142 (decimal 322)
   defining Unicode char U+0143 (decimal 323)
   defining Unicode char U+0144 (decimal 324)
   defining Unicode char U+0147 (decimal 327)
   defining Unicode char U+0148 (decimal 328)
   defining Unicode char U+014A (decimal 330)
   defining Unicode char U+014B (decimal 331)
   defining Unicode char U+0150 (decimal 336)
   defining Unicode char U+0151 (decimal 337)
   defining Unicode char U+0152 (decimal 338)
   defining Unicode char U+0153 (decimal 339)
   defining Unicode char U+0154 (decimal 340)
   defining Unicode char U+0155 (decimal 341)
   defining Unicode char U+0158 (decimal 344)
   defining Unicode char U+0159 (decimal 345)
   defining Unicode char U+015A (decimal 346)
   defining Unicode char U+015B (decimal 347)
   defining Unicode char U+015E (decimal 350)
   defining Unicode char U+015F (decimal 351)
   defining Unicode char U+0160 (decimal 352)
   defining Unicode char U+0161 (decimal 353)
   defining Unicode char U+0162 (decimal 354)
   defining Unicode char U+0163 (decimal 355)
   defining Unicode char U+0164 (decimal 356)
   defining Unicode char U+0165 (decimal 357)
   defining Unicode char U+016E (decimal 366)
   defining Unicode char U+016F (decimal 367)
   defining Unicode char U+0170 (decimal 368)
   defining Unicode char U+0171 (decimal 369)
   defining Unicode char U+0178 (decimal 376)
   defining Unicode char U+0179 (decimal 377)
   defining Unicode char U+017A (decimal 378)
   defining Unicode char U+017B (decimal 379)
   defining Unicode char U+017C (decimal 380)
   defining Unicode char U+017D (decimal 381)
   defining Unicode char U+017E (decimal 382)
   defining Unicode char U+200C (decimal 8204)
   defining Unicode char U+2013 (decimal 8211)
   defining Unicode char U+2014 (decimal 8212)
   defining Unicode char U+2018 (decimal 8216)
   defining Unicode char U+2019 (decimal 8217)
   defining Unicode char U+201A (decimal 8218)
   defining Unicode char U+201C (decimal 8220)
   defining Unicode char U+201D (decimal 8221)
   defining Unicode char U+201E (decimal 8222)
   defining Unicode char U+2030 (decimal 8240)
   defining Unicode char U+2031 (decimal 8241)
   defining Unicode char U+2039 (decimal 8249)
   defining Unicode char U+203A (decimal 8250)
   defining Unicode char U+2423 (decimal 9251)
)
Now handling font encoding OT1 ...
... processing UTF-8 mapping file for font encoding OT1
 ("C:\Program Files\MiKTeX 2.9\tex\latex\base\ot1enc.dfu"
File: ot1enc.dfu 2008/04/05 v1.1m UTF-8 support for inputenc
   defining Unicode char U+00A1 (decimal 161)
   defining Unicode char U+00A3 (decimal 163)
   defining Unicode char U+00B8 (decimal 184)
   defining Unicode char U+00BF (decimal 191)
   defining Unicode char U+00C5 (decimal 197)
   defining Unicode char U+00C6 (decimal 198)
   defining Unicode char U+00D8 (decimal 216)
   defining Unicode char U+00DF (decimal 223)
   defining Unicode char U+00E6 (decimal 230)
   defining Unicode char U+00EC (decimal 236)
   defining Unicode char U+00ED (decimal 237)
   defining Unicode char U+00EE (decimal 238)
   defining Unicode char U+00EF (decimal 239)
   defining Unicode char U+00F8 (decimal 248)
   defining Unicode char U+0131 (decimal 305)
   defining Unicode char U+0141 (decimal 321)
   defining Unicode char U+0142 (decimal 322)
   defining Unicode char U+0152 (decimal 338)
   defining Unicode char U+0153 (decimal 339)
   defining Unicode char U+2013 (decimal 8211)
   defining Unicode char U+2014 (decimal 8212)
   defining Unicode char U+2018 (decimal 8216)
   defining Unicode char U+2019 (decimal 8217)
   defining Unicode char U+201C (decimal 8220)
   defining Unicode char U+201D (decimal 8221)
)
Now handling font encoding OMS ...
... processing UTF-8 mapping file for font encoding OMS

("C:\Program Files\MiKTeX 2.9\tex\latex\base\omsenc.dfu"
File: omsenc.dfu 2008/04/05 v1.1m UTF-8 support for inputenc
   defining Unicode char U+00A7 (decimal 167)
   defining Unicode char U+00B6 (decimal 182)
   defining Unicode char U+00B7 (decimal 183)
   defining Unicode char U+2020 (decimal 8224)
   defining Unicode char U+2021 (decimal 8225)
   defining Unicode char U+2022 (decimal 8226)
)
Now handling font encoding OMX ...
... no UTF-8 mapping file for font encoding OMX
Now handling font encoding U ...
... no UTF-8 mapping file for font encoding U
   defining Unicode char U+00A9 (decimal 169)
   defining Unicode char U+00AA (decimal 170)
   defining Unicode char U+00AE (decimal 174)
   defining Unicode char U+00BA (decimal 186)
   defining Unicode char U+02C6 (decimal 710)
   defining Unicode char U+02DC (decimal 732)
   defining Unicode char U+200C (decimal 8204)
   defining Unicode char U+2026 (decimal 8230)
   defining Unicode char U+2122 (decimal 8482)
   defining Unicode char U+2423 (decimal 9251)
)) ("C:\Program Files\MiKTeX 2.9\tex\latex\base\fontenc.sty"
Package: fontenc 2005/09/27 v1.99g Standard LaTeX package

("C:\Program Files\MiKTeX 2.9\tex\latex\base\t1enc.def"
File: t1enc.def 2005/09/27 v1.99g Standard LaTeX file
LaTeX Font Info:    Redeclaring font encoding T1 on input line 43.
))
(C:\Users\oscuro\AppData\Roaming\MiKTeX\2.9\tex\latex\fancyhdr\fancyhdr.sty
\fancy@headwidth=\skip43
\f@ncyO@elh=\skip44
\f@ncyO@erh=\skip45
\f@ncyO@olh=\skip46
\f@ncyO@orh=\skip47
\f@ncyO@elf=\skip48
\f@ncyO@erf=\skip49
\f@ncyO@olf=\skip50
\f@ncyO@orf=\skip51
)
("C:\Program Files\MiKTeX 2.9\tex\generic\babel\babel.sty"
Package: babel 2008/07/08 v3.8m The Babel package

*************************************
* Local config file bblopts.cfg used
*
("C:\Program Files\MiKTeX 2.9\tex\latex\00miktex\bblopts.cfg"
File: bblopts.cfg 2006/07/31 v1.0 MiKTeX 'babel' configuration
)
("C:\Program Files\MiKTeX 2.9\tex\generic\babel\frenchb.ldf"
Language: frenchb 2009/03/16 v2.3d French support from the babel system
 ("C:\Program Files\MiKTeX 2.9\tex\generic\babel\babel.def"
File: babel.def 2008/07/08 v3.8m Babel common definitions
\babel@savecnt=\count88
\U@D=\dimen103
)
Package babel Info: Making : an active character on input line 120.
Package babel Info: Making ; an active character on input line 121.
Package babel Info: Making ! an active character on input line 122.
Package babel Info: Making ? an active character on input line 123.
\FB@Mht=\dimen104
\std@mcc=\count89
\dec@mcc=\count90
\parindentFFN=\dimen105
*************************************
* Local config file frenchb.cfg used
*
("C:\Program Files\MiKTeX 2.9\tex\generic\babel\frenchb.cfg")))
("C:\Program Files\MiKTeX 2.9\tex\latex\carlisle\scalefnt.sty")
("C:\Program Files\MiKTeX 2.9\tex\latex\graphics\keyval.sty"
Package: keyval 1999/03/16 v1.13 key=value parser (DPC)
\KV@toks@=\toks16
)
(C:\Users\oscuro\AppData\Roaming\MiKTeX\2.9\tex\latex\hyphenat\hyphenat.sty
Package: hyphenat 2009/09/02 v2.3c hyphenation utilities
\langwohyphens=\language69
LaTeX Info: Redefining \_ on input line 43.
)
(C:\Users\oscuro\AppData\Roaming\MiKTeX\2.9\tex\latex\listings\listings.sty
\lst@mode=\count91
\lst@gtempboxa=\box26
\lst@token=\toks17
\lst@length=\count92
\lst@currlwidth=\dimen106
\lst@column=\count93
\lst@pos=\count94
\lst@lostspace=\dimen107
\lst@width=\dimen108
\lst@newlines=\count95
\lst@lineno=\count96
\lst@maxwidth=\dimen109

(C:\Users\oscuro\AppData\Roaming\MiKTeX\2.9\tex\latex\listings\lstmisc.sty
File: lstmisc.sty 2014/09/06 1.5e (Carsten Heinz)
\c@lstnumber=\count97
\lst@skipnumbers=\count98
\lst@framebox=\box27
)
(C:\Users\oscuro\AppData\Roaming\MiKTeX\2.9\tex\latex\listings\listings.cfg
File: listings.cfg 2014/09/06 1.5e listings configuration
))
Package: listings 2014/09/06 1.5e (Carsten Heinz)

(C:\Users\oscuro\AppData\Roaming\MiKTeX\2.9\tex\latex\tocbibind\tocbibind.sty
Package: tocbibind 2010/10/13 v1.5k extra ToC listings
Package tocbibind Info: The document has chapter divisions on input line 50.


Package tocbibind Note: Using chapter style headings, unless overridden.

) (C:\Users\oscuro\AppData\Roaming\MiKTeX\2.9\tex\latex\todonotes\todonotes.sty
Package: todonotes 2012/07/25 .dtx Todonotes source and documentation.
Package: todonotes 2012/07/25

("C:\Program Files\MiKTeX 2.9\tex\latex\base\ifthen.sty"
Package: ifthen 2001/05/26 v1.1c Standard LaTeX ifthen package (DPC)
) ("C:\Program Files\MiKTeX 2.9\tex\latex\xkeyval\xkeyval.sty"
Package: xkeyval 2012/10/14 v2.6b package option processing (HA)

("C:\Program Files\MiKTeX 2.9\tex\generic\xkeyval\xkeyval.tex"
\XKV@toks=\toks18
\XKV@tempa@toks=\toks19
\XKV@depth=\count99
File: xkeyval.tex 2012/10/14 v2.6b key=value parser (HA)
))
(C:\Users\oscuro\AppData\Roaming\MiKTeX\2.9\tex\latex\xcolor\xcolor.sty
Package: xcolor 2007/01/21 v2.11 LaTeX color extensions (UK)

("C:\Program Files\MiKTeX 2.9\tex\latex\00miktex\color.cfg"
File: color.cfg 2007/01/18 v1.5 color configuration of teTeX/TeXLive
)
Package xcolor Info: Driver file: pdftex.def on input line 225.

("C:\Program Files\MiKTeX 2.9\tex\latex\pdftex-def\pdftex.def"
File: pdftex.def 2011/05/27 v0.06d Graphics/color for pdfTeX

("C:\Program Files\MiKTeX 2.9\tex\generic\oberdiek\infwarerr.sty"
Package: infwarerr 2010/04/08 v1.3 Providing info/warning/error messages (HO)
)
("C:\Program Files\MiKTeX 2.9\tex\generic\oberdiek\ltxcmds.sty"
Package: ltxcmds 2011/11/09 v1.22 LaTeX kernel commands for general use (HO)
)
\Gread@gobject=\count100
)
(C:\Users\oscuro\AppData\Roaming\MiKTeX\2.9\tex\latex\colortbl\colortbl.sty
Package: colortbl 2012/02/13 v1.0a Color table columns (DPC)

("C:\Program Files\MiKTeX 2.9\tex\latex\tools\array.sty"
Package: array 2008/09/09 v2.4c Tabular extension package (FMi)
\col@sep=\dimen110
\extrarowheight=\dimen111
\NC@list=\toks20
\extratabsurround=\skip52
\backup@length=\skip53
)
\everycr=\toks21
\minrowclearance=\skip54
)
\rownum=\count101
Package xcolor Info: Model `cmy' substituted by `cmy0' on input line 1337.
Package xcolor Info: Model `hsb' substituted by `rgb' on input line 1341.
Package xcolor Info: Model `RGB' extended on input line 1353.
Package xcolor Info: Model `HTML' substituted by `rgb' on input line 1355.
Package xcolor Info: Model `Hsb' substituted by `hsb' on input line 1356.
Package xcolor Info: Model `tHsb' substituted by `hsb' on input line 1357.
Package xcolor Info: Model `HSB' substituted by `hsb' on input line 1358.
Package xcolor Info: Model `Gray' substituted by `gray' on input line 1359.
Package xcolor Info: Model `wave' substituted by `hsb' on input line 1360.
)
(C:\Users\oscuro\AppData\Roaming\MiKTeX\2.9\tex\latex\pgf\frontendlayer\tikz.sty
(C:\Users\oscuro\AppData\Roaming\MiKTeX\2.9\tex\latex\pgf\basiclayer\pgf.sty
(C:\Users\oscuro\AppData\Roaming\MiKTeX\2.9\tex\latex\pgf\utilities\pgfrcs.sty
(C:\Users\oscuro\AppData\Roaming\MiKTeX\2.9\tex\generic\pgf\utilities\pgfutil-common.tex
\pgfutil@everybye=\toks22
\pgfutil@tempdima=\dimen112
\pgfutil@tempdimb=\dimen113

(C:\Users\oscuro\AppData\Roaming\MiKTeX\2.9\tex\generic\pgf\utilities\pgfutil-common-lists.tex))
(C:\Users\oscuro\AppData\Roaming\MiKTeX\2.9\tex\generic\pgf\utilities\pgfutil-latex.def
\pgfutil@abb=\box28

(C:\Users\oscuro\AppData\Roaming\MiKTeX\2.9\tex\latex\ms\everyshi.sty
Package: everyshi 2001/05/15 v3.00 EveryShipout Package (MS)
))
(C:\Users\oscuro\AppData\Roaming\MiKTeX\2.9\tex\generic\pgf\utilities\pgfrcs.code.tex
Package: pgfrcs 2013/12/20 v3.0.0 (rcs-revision 1.28)
))
Package: pgf 2013/12/18 v3.0.0 (rcs-revision 1.14)

(C:\Users\oscuro\AppData\Roaming\MiKTeX\2.9\tex\latex\pgf\basiclayer\pgfcore.sty
("C:\Program Files\MiKTeX 2.9\tex\latex\graphics\graphicx.sty"
Package: graphicx 1999/02/16 v1.0f Enhanced LaTeX Graphics (DPC,SPQR)

("C:\Program Files\MiKTeX 2.9\tex\latex\graphics\graphics.sty"
Package: graphics 2009/02/05 v1.0o Standard LaTeX Graphics (DPC,SPQR)
 ("C:\Program Files\MiKTeX 2.9\tex\latex\graphics\trig.sty"
Package: trig 1999/03/16 v1.09 sin cos tan (DPC)
) ("C:\Program Files\MiKTeX 2.9\tex\latex\00miktex\graphics.cfg"
File: graphics.cfg 2007/01/18 v1.5 graphics configuration of teTeX/TeXLive
)
Package graphics Info: Driver file: pdftex.def on input line 91.
)
\Gin@req@height=\dimen114
\Gin@req@width=\dimen115
)
(C:\Users\oscuro\AppData\Roaming\MiKTeX\2.9\tex\latex\pgf\systemlayer\pgfsys.sty
(C:\Users\oscuro\AppData\Roaming\MiKTeX\2.9\tex\generic\pgf\systemlayer\pgfsys.code.tex
Package: pgfsys 2013/11/30 v3.0.0 (rcs-revision 1.47)

(C:\Users\oscuro\AppData\Roaming\MiKTeX\2.9\tex\generic\pgf\utilities\pgfkeys.code.tex
\pgfkeys@pathtoks=\toks23
\pgfkeys@temptoks=\toks24

(C:\Users\oscuro\AppData\Roaming\MiKTeX\2.9\tex\generic\pgf\utilities\pgfkeysfiltered.code.tex
\pgfkeys@tmptoks=\toks25
))
\pgf@x=\dimen116
\pgf@y=\dimen117
\pgf@xa=\dimen118
\pgf@ya=\dimen119
\pgf@xb=\dimen120
\pgf@yb=\dimen121
\pgf@xc=\dimen122
\pgf@yc=\dimen123
\w@pgf@writea=\write3
\r@pgf@reada=\read1
\c@pgf@counta=\count102
\c@pgf@countb=\count103
\c@pgf@countc=\count104
\c@pgf@countd=\count105
\t@pgf@toka=\toks26
\t@pgf@tokb=\toks27
\t@pgf@tokc=\toks28

(C:\Users\oscuro\AppData\Roaming\MiKTeX\2.9\tex\generic\pgf\systemlayer\pgf.cfg
File: pgf.cfg 2008/05/14  (rcs-revision 1.7)
)
Driver file for pgf: pgfsys-pdftex.def

(C:\Users\oscuro\AppData\Roaming\MiKTeX\2.9\tex\generic\pgf\systemlayer\pgfsys-pdftex.def
File: pgfsys-pdftex.def 2013/07/18  (rcs-revision 1.33)

(C:\Users\oscuro\AppData\Roaming\MiKTeX\2.9\tex\generic\pgf\systemlayer\pgfsys-common-pdf.def
File: pgfsys-common-pdf.def 2013/10/10  (rcs-revision 1.13)
)))
(C:\Users\oscuro\AppData\Roaming\MiKTeX\2.9\tex\generic\pgf\systemlayer\pgfsyssoftpath.code.tex
File: pgfsyssoftpath.code.tex 2013/09/09  (rcs-revision 1.9)
\pgfsyssoftpath@smallbuffer@items=\count106
\pgfsyssoftpath@bigbuffer@items=\count107
)
(C:\Users\oscuro\AppData\Roaming\MiKTeX\2.9\tex\generic\pgf\systemlayer\pgfsysprotocol.code.tex
File: pgfsysprotocol.code.tex 2006/10/16  (rcs-revision 1.4)
))
(C:\Users\oscuro\AppData\Roaming\MiKTeX\2.9\tex\generic\pgf\basiclayer\pgfcore.code.tex
Package: pgfcore 2010/04/11 v3.0.0 (rcs-revision 1.7)

(C:\Users\oscuro\AppData\Roaming\MiKTeX\2.9\tex\generic\pgf\math\pgfmath.code.tex
(C:\Users\oscuro\AppData\Roaming\MiKTeX\2.9\tex\generic\pgf\math\pgfmathcalc.code.tex
(C:\Users\oscuro\AppData\Roaming\MiKTeX\2.9\tex\generic\pgf\math\pgfmathutil.code.tex)
(C:\Users\oscuro\AppData\Roaming\MiKTeX\2.9\tex\generic\pgf\math\pgfmathparser.code.tex
\pgfmath@dimen=\dimen124
\pgfmath@count=\count108
\pgfmath@box=\box29
\pgfmath@toks=\toks29
\pgfmath@stack@operand=\toks30
\pgfmath@stack@operation=\toks31
)
(C:\Users\oscuro\AppData\Roaming\MiKTeX\2.9\tex\generic\pgf\math\pgfmathfunctions.code.tex
(C:\Users\oscuro\AppData\Roaming\MiKTeX\2.9\tex\generic\pgf\math\pgfmathfunctions.basic.code.tex)
(C:\Users\oscuro\AppData\Roaming\MiKTeX\2.9\tex\generic\pgf\math\pgfmathfunctions.trigonometric.code.tex)
(C:\Users\oscuro\AppData\Roaming\MiKTeX\2.9\tex\generic\pgf\math\pgfmathfunctions.random.code.tex)
(C:\Users\oscuro\AppData\Roaming\MiKTeX\2.9\tex\generic\pgf\math\pgfmathfunctions.comparison.code.tex)
(C:\Users\oscuro\AppData\Roaming\MiKTeX\2.9\tex\generic\pgf\math\pgfmathfunctions.base.code.tex)
(C:\Users\oscuro\AppData\Roaming\MiKTeX\2.9\tex\generic\pgf\math\pgfmathfunctions.round.code.tex)
(C:\Users\oscuro\AppData\Roaming\MiKTeX\2.9\tex\generic\pgf\math\pgfmathfunctions.misc.code.tex)
(C:\Users\oscuro\AppData\Roaming\MiKTeX\2.9\tex\generic\pgf\math\pgfmathfunctions.integerarithmetics.code.tex)))
(C:\Users\oscuro\AppData\Roaming\MiKTeX\2.9\tex\generic\pgf\math\pgfmathfloat.code.tex
\c@pgfmathroundto@lastzeros=\count109
))
(C:\Users\oscuro\AppData\Roaming\MiKTeX\2.9\tex\generic\pgf\basiclayer\pgfcorepoints.code.tex
File: pgfcorepoints.code.tex 2013/10/07  (rcs-revision 1.27)
\pgf@picminx=\dimen125
\pgf@picmaxx=\dimen126
\pgf@picminy=\dimen127
\pgf@picmaxy=\dimen128
\pgf@pathminx=\dimen129
\pgf@pathmaxx=\dimen130
\pgf@pathminy=\dimen131
\pgf@pathmaxy=\dimen132
\pgf@xx=\dimen133
\pgf@xy=\dimen134
\pgf@yx=\dimen135
\pgf@yy=\dimen136
\pgf@zx=\dimen137
\pgf@zy=\dimen138
)
(C:\Users\oscuro\AppData\Roaming\MiKTeX\2.9\tex\generic\pgf\basiclayer\pgfcorepathconstruct.code.tex
File: pgfcorepathconstruct.code.tex 2013/10/07  (rcs-revision 1.29)
\pgf@path@lastx=\dimen139
\pgf@path@lasty=\dimen140
)
(C:\Users\oscuro\AppData\Roaming\MiKTeX\2.9\tex\generic\pgf\basiclayer\pgfcorepathusage.code.tex
File: pgfcorepathusage.code.tex 2013/12/13  (rcs-revision 1.23)
\pgf@shorten@end@additional=\dimen141
\pgf@shorten@start@additional=\dimen142
)
(C:\Users\oscuro\AppData\Roaming\MiKTeX\2.9\tex\generic\pgf\basiclayer\pgfcorescopes.code.tex
File: pgfcorescopes.code.tex 2013/10/09  (rcs-revision 1.44)
\pgfpic=\box30
\pgf@hbox=\box31
\pgf@layerbox@main=\box32
\pgf@picture@serial@count=\count110
)
(C:\Users\oscuro\AppData\Roaming\MiKTeX\2.9\tex\generic\pgf\basiclayer\pgfcoregraphicstate.code.tex
File: pgfcoregraphicstate.code.tex 2013/09/19  (rcs-revision 1.11)
\pgflinewidth=\dimen143
)
(C:\Users\oscuro\AppData\Roaming\MiKTeX\2.9\tex\generic\pgf\basiclayer\pgfcoretransformations.code.tex
File: pgfcoretransformations.code.tex 2013/10/10  (rcs-revision 1.17)
\pgf@pt@x=\dimen144
\pgf@pt@y=\dimen145
\pgf@pt@temp=\dimen146
)
(C:\Users\oscuro\AppData\Roaming\MiKTeX\2.9\tex\generic\pgf\basiclayer\pgfcorequick.code.tex
File: pgfcorequick.code.tex 2008/10/09  (rcs-revision 1.3)
)
(C:\Users\oscuro\AppData\Roaming\MiKTeX\2.9\tex\generic\pgf\basiclayer\pgfcoreobjects.code.tex
File: pgfcoreobjects.code.tex 2006/10/11  (rcs-revision 1.2)
)
(C:\Users\oscuro\AppData\Roaming\MiKTeX\2.9\tex\generic\pgf\basiclayer\pgfcorepathprocessing.code.tex
File: pgfcorepathprocessing.code.tex 2013/09/09  (rcs-revision 1.9)
)
(C:\Users\oscuro\AppData\Roaming\MiKTeX\2.9\tex\generic\pgf\basiclayer\pgfcorearrows.code.tex
File: pgfcorearrows.code.tex 2013/11/07  (rcs-revision 1.40)
\pgfarrowsep=\dimen147
)
(C:\Users\oscuro\AppData\Roaming\MiKTeX\2.9\tex\generic\pgf\basiclayer\pgfcoreshade.code.tex
File: pgfcoreshade.code.tex 2013/07/15  (rcs-revision 1.15)
\pgf@max=\dimen148
\pgf@sys@shading@range@num=\count111
)
(C:\Users\oscuro\AppData\Roaming\MiKTeX\2.9\tex\generic\pgf\basiclayer\pgfcoreimage.code.tex
File: pgfcoreimage.code.tex 2013/07/15  (rcs-revision 1.18)

(C:\Users\oscuro\AppData\Roaming\MiKTeX\2.9\tex\generic\pgf\basiclayer\pgfcoreexternal.code.tex
File: pgfcoreexternal.code.tex 2013/07/15  (rcs-revision 1.20)
\pgfexternal@startupbox=\box33
))
(C:\Users\oscuro\AppData\Roaming\MiKTeX\2.9\tex\generic\pgf\basiclayer\pgfcorelayers.code.tex
File: pgfcorelayers.code.tex 2013/07/18  (rcs-revision 1.7)
)
(C:\Users\oscuro\AppData\Roaming\MiKTeX\2.9\tex\generic\pgf\basiclayer\pgfcoretransparency.code.tex
File: pgfcoretransparency.code.tex 2013/09/30  (rcs-revision 1.5)
)
(C:\Users\oscuro\AppData\Roaming\MiKTeX\2.9\tex\generic\pgf\basiclayer\pgfcorepatterns.code.tex
File: pgfcorepatterns.code.tex 2013/11/07  (rcs-revision 1.5)
)))
(C:\Users\oscuro\AppData\Roaming\MiKTeX\2.9\tex\generic\pgf\modules\pgfmoduleshapes.code.tex
File: pgfmoduleshapes.code.tex 2013/10/31  (rcs-revision 1.34)
\pgfnodeparttextbox=\box34
)
(C:\Users\oscuro\AppData\Roaming\MiKTeX\2.9\tex\generic\pgf\modules\pgfmoduleplot.code.tex
File: pgfmoduleplot.code.tex 2013/07/31  (rcs-revision 1.12)
)
(C:\Users\oscuro\AppData\Roaming\MiKTeX\2.9\tex\latex\pgf\compatibility\pgfcomp-version-0-65.sty
Package: pgfcomp-version-0-65 2007/07/03 v3.0.0 (rcs-revision 1.7)
\pgf@nodesepstart=\dimen149
\pgf@nodesepend=\dimen150
)
(C:\Users\oscuro\AppData\Roaming\MiKTeX\2.9\tex\latex\pgf\compatibility\pgfcomp-version-1-18.sty
Package: pgfcomp-version-1-18 2007/07/23 v3.0.0 (rcs-revision 1.1)
))
(C:\Users\oscuro\AppData\Roaming\MiKTeX\2.9\tex\latex\pgf\utilities\pgffor.sty
(C:\Users\oscuro\AppData\Roaming\MiKTeX\2.9\tex\latex\pgf\utilities\pgfkeys.sty
(C:\Users\oscuro\AppData\Roaming\MiKTeX\2.9\tex\generic\pgf\utilities\pgfkeys.code.tex))
(C:\Users\oscuro\AppData\Roaming\MiKTeX\2.9\tex\latex\pgf\math\pgfmath.sty
(C:\Users\oscuro\AppData\Roaming\MiKTeX\2.9\tex\generic\pgf\math\pgfmath.code.tex))
(C:\Users\oscuro\AppData\Roaming\MiKTeX\2.9\tex\generic\pgf\utilities\pgffor.code.tex
Package: pgffor 2013/12/13 v3.0.0 (rcs-revision 1.25)

(C:\Users\oscuro\AppData\Roaming\MiKTeX\2.9\tex\generic\pgf\math\pgfmath.code.tex)
\pgffor@iter=\dimen151
\pgffor@skip=\dimen152
\pgffor@stack=\toks32
\pgffor@toks=\toks33
))
(C:\Users\oscuro\AppData\Roaming\MiKTeX\2.9\tex\generic\pgf\frontendlayer\tikz\tikz.code.tex
Package: tikz 2013/12/13 v3.0.0 (rcs-revision 1.142)

(C:\Users\oscuro\AppData\Roaming\MiKTeX\2.9\tex\generic\pgf\libraries\pgflibraryplothandlers.code.tex
File: pgflibraryplothandlers.code.tex 2013/08/31 v3.0.0 (rcs-revision 1.20)
\pgf@plot@mark@count=\count112
\pgfplotmarksize=\dimen153
)
\tikz@lastx=\dimen154
\tikz@lasty=\dimen155
\tikz@lastxsaved=\dimen156
\tikz@lastysaved=\dimen157
\tikzleveldistance=\dimen158
\tikzsiblingdistance=\dimen159
\tikz@figbox=\box35
\tikz@figbox@bg=\box36
\tikz@tempbox=\box37
\tikz@tempbox@bg=\box38
\tikztreelevel=\count113
\tikznumberofchildren=\count114
\tikznumberofcurrentchild=\count115
\tikz@fig@count=\count116

(C:\Users\oscuro\AppData\Roaming\MiKTeX\2.9\tex\generic\pgf\modules\pgfmodulematrix.code.tex
File: pgfmodulematrix.code.tex 2013/09/17  (rcs-revision 1.8)
\pgfmatrixcurrentrow=\count117
\pgfmatrixcurrentcolumn=\count118
\pgf@matrix@numberofcolumns=\count119
)
\tikz@expandcount=\count120

(C:\Users\oscuro\AppData\Roaming\MiKTeX\2.9\tex\generic\pgf\frontendlayer\tikz\libraries\tikzlibrarytopaths.code.tex
File: tikzlibrarytopaths.code.tex 2008/06/17 v3.0.0 (rcs-revision 1.2)
)))
(C:\Users\oscuro\AppData\Roaming\MiKTeX\2.9\tex\generic\pgf\frontendlayer\tikz\libraries\tikzlibrarypositioning.code.tex
File: tikzlibrarypositioning.code.tex 2008/10/06 v3.0.0 (rcs-revision 1.7)
) ("C:\Program Files\MiKTeX 2.9\tex\latex\tools\calc.sty"
Package: calc 2007/08/22 v4.3 Infix arithmetic (KKT,FJ)
\calc@Acount=\count121
\calc@Bcount=\count122
\calc@Adimen=\dimen160
\calc@Bdimen=\dimen161
\calc@Askip=\skip55
\calc@Bskip=\skip56
LaTeX Info: Redefining \setlength on input line 76.
LaTeX Info: Redefining \addtolength on input line 77.
\calc@Ccount=\count123
\calc@Cskip=\skip57
)
\c@@todonotes@numberoftodonotes=\count124
) ("C:\Program Files\MiKTeX 2.9\tex\latex\amsfonts\amssymb.sty"
Package: amssymb 2013/01/14 v3.01 AMS font symbols
 ("C:\Program Files\MiKTeX 2.9\tex\latex\amsfonts\amsfonts.sty"
Package: amsfonts 2013/01/14 v3.01 Basic AMSFonts support
\@emptytoks=\toks34
\symAMSa=\mathgroup4
\symAMSb=\mathgroup5
LaTeX Font Info:    Overwriting math alphabet `\mathfrak' in version `bold'
(Font)                  U/euf/m/n --> U/euf/b/n on input line 106.
))
(C:\Users\oscuro\AppData\Roaming\MiKTeX\2.9\tex\latex\footmisc\footmisc.sty
Package: footmisc 2011/06/06 v5.5b a miscellany of footnote facilities
\FN@temptoken=\toks35
\footnotemargin=\dimen162


LaTeX Warning: Command \@makecol  has changed.
               Check if current package is valid.

\c@pp@next@reset=\count125
Package footmisc Info: Declaring symbol style bringhurst on input line 855.
Package footmisc Info: Declaring symbol style chicago on input line 863.
Package footmisc Info: Declaring symbol style wiley on input line 872.
Package footmisc Info: Declaring symbol style lamport-robust on input line 883.
Package footmisc Info: Declaring symbol style lamport* on input line 903.
Package footmisc Info: Declaring symbol style lamport*-robust on input line 924.
) (C:\Users\oscuro\AppData\Roaming\MiKTeX\2.9\tex\latex\wrapfig\wrapfig.sty
\wrapoverhang=\dimen163
\WF@size=\dimen164
\c@WF@wrappedlines=\count126
\WF@box=\box39
\WF@everypar=\toks36
Package: wrapfig 2003/01/31  v 3.6
)
("C:\Program Files\MiKTeX 2.9\tex\latex\graphics\lscape.sty"
Package: lscape 2000/10/22 v3.01 Landscape Pages (DPC)
)
(C:\Users\oscuro\AppData\Roaming\MiKTeX\2.9\tex\latex\rotating\rotating.sty
Package: rotating 2009/03/28 v2.16a rotated objects in LaTeX
\c@r@tfl@t=\count127
\rotFPtop=\skip58
\rotFPbot=\skip59
\rot@float@box=\box40
\rot@mess@toks=\toks37
)
("C:\Program Files\MiKTeX 2.9\tex\latex\oberdiek\epstopdf.sty"
Package: epstopdf 2010/02/09 v2.5 Conversion with epstopdf on the fly (HO)

("C:\Program Files\MiKTeX 2.9\tex\latex\oberdiek\epstopdf-base.sty"
Package: epstopdf-base 2010/02/09 v2.5 Base part for package epstopdf

("C:\Program Files\MiKTeX 2.9\tex\latex\oberdiek\grfext.sty"
Package: grfext 2010/08/19 v1.1 Manage graphics extensions (HO)

("C:\Program Files\MiKTeX 2.9\tex\generic\oberdiek\kvdefinekeys.sty"
Package: kvdefinekeys 2011/04/07 v1.3 Define keys (HO)
))
("C:\Program Files\MiKTeX 2.9\tex\latex\oberdiek\kvoptions.sty"
Package: kvoptions 2011/06/30 v3.11 Key value format for package options (HO)

("C:\Program Files\MiKTeX 2.9\tex\generic\oberdiek\kvsetkeys.sty"
Package: kvsetkeys 2012/04/25 v1.16 Key value parser (HO)

("C:\Program Files\MiKTeX 2.9\tex\generic\oberdiek\etexcmds.sty"
Package: etexcmds 2011/02/16 v1.5 Avoid name clashes with e-TeX commands (HO)

("C:\Program Files\MiKTeX 2.9\tex\generic\oberdiek\ifluatex.sty"
Package: ifluatex 2010/03/01 v1.3 Provides the ifluatex switch (HO)
Package ifluatex Info: LuaTeX not detected.
)
Package etexcmds Info: Could not find \expanded.
(etexcmds)             That can mean that you are not using pdfTeX 1.50 or
(etexcmds)             that some package has redefined \expanded.
(etexcmds)             In the latter case, load this package earlier.
)))
("C:\Program Files\MiKTeX 2.9\tex\generic\oberdiek\pdftexcmds.sty"
Package: pdftexcmds 2011/11/29 v0.20 Utility functions of pdfTeX for LuaTeX (HO)

("C:\Program Files\MiKTeX 2.9\tex\generic\oberdiek\ifpdf.sty"
Package: ifpdf 2011/01/30 v2.3 Provides the ifpdf switch (HO)
Package ifpdf Info: pdfTeX in PDF mode is detected.
)
Package pdftexcmds Info: LuaTeX not detected.
Package pdftexcmds Info: \pdf@primitive is available.
Package pdftexcmds Info: \pdf@ifprimitive is available.
Package pdftexcmds Info: \pdfdraftmode found.
)
Package grfext Info: Graphics extension search list:
(grfext)             [.png,.pdf,.jpg,.mps,.jpeg,.jbig2,.jb2,.PNG,.PDF,.JPG,.JPEG,.JBIG2,.JB2,.eps]
(grfext)             \AppendGraphicsExtensions on input line 452.
))
(C:\Users\oscuro\AppData\Roaming\MiKTeX\2.9\tex\latex\silence\silence.sty
Package: silence 2012/07/02 v1.5b Selective filtering of warnings and error messages
\sl@Save=\count128
\sl@StateNumber=\count129
\sl@MessageCount=\count130
\sl@Casualties=\count131
\sl@Filter=\toks38
\sl@Message=\toks39
\sl@UnexpandedMessage=\toks40
\sl@Mess@ge=\toks41
\sl@WarningCount=\count132
\sl@WarningNumber=\count133
\sl@WarningCasualties=\count134
\sl@TempBOW=\toks42
\sl@BankOfWarnings=\toks43
LaTeX Info: Redefining \GenericWarning on input line 433.
\sl@ErrorCount=\count135
\sl@ErrorNumber=\count136
\sl@ErrorCasualties=\count137
\sl@TempBOE=\toks44
\sl@BankOfErrors=\toks45
LaTeX Info: Redefining \GenericError on input line 601.
)
   defining Unicode char U+00A0 (decimal 160)

("J:\CODING\repos\git\py\tickets\rapport tfe\latex\TFE.aux")
LaTeX Font Info:    Checking defaults for OML/cmm/m/it on input line 37.
LaTeX Font Info:    ... okay on input line 37.
LaTeX Font Info:    Checking defaults for T1/cmr/m/n on input line 37.
LaTeX Font Info:    ... okay on input line 37.
LaTeX Font Info:    Checking defaults for OT1/cmr/m/n on input line 37.
LaTeX Font Info:    ... okay on input line 37.
LaTeX Font Info:    Checking defaults for OMS/cmsy/m/n on input line 37.
LaTeX Font Info:    ... okay on input line 37.
LaTeX Font Info:    Checking defaults for OMX/cmex/m/n on input line 37.
LaTeX Font Info:    ... okay on input line 37.
LaTeX Font Info:    Checking defaults for U/cmr/m/n on input line 37.
LaTeX Font Info:    ... okay on input line 37.
LaTeX Font Info:    Try loading font information for T1+phv on input line 37.
 ("C:\Program Files\MiKTeX 2.9\tex\latex\psnfss\t1phv.fd"
File: t1phv.fd 2001/06/04 scalable font definitions for T1/phv.
)
LaTeX Info: Redefining \degres on input line 37.
LaTeX Info: Redefining \dots on input line 37.
LaTeX Info: Redefining \up on input line 37.
\c@lstlisting=\count138

(C:\Users\oscuro\AppData\Roaming\MiKTeX\2.9\tex\context\base\supp-pdf.mkii
[Loading MPS to PDF converter (version 2006.09.02).]
\scratchcounter=\count139
\scratchdimen=\dimen165
\scratchbox=\box41
\nofMPsegments=\count140
\nofMParguments=\count141
\everyMPshowfont=\toks46
\MPscratchCnt=\count142
\MPscratchDim=\dimen166
\MPnumerator=\count143
\makeMPintoPDFobject=\count144
\everyMPtoPDFconversion=\toks47
) ABD: EveryShipout initializing macros
LaTeX Font Info:    Font shape `T1/phv/bx/n' in size <24.88> not available
(Font)              Font shape `T1/phv/b/n' tried instead on input line 39.
 ("J:\CODING\repos\git\py\tickets\rapport tfe\latex\TFE.toc"
LaTeX Font Info:    Font shape `T1/phv/bx/n' in size <12> not available
(Font)              Font shape `T1/phv/b/n' tried instead on input line 2.
LaTeX Font Info:    Try loading font information for OT1+lmr on input line 3.

("C:\Program Files\MiKTeX 2.9\tex\latex\lm\ot1lmr.fd"
File: ot1lmr.fd 2009/10/30 v1.6 Font defs for Latin Modern
)
LaTeX Font Info:    Try loading font information for OML+lmm on input line 3.
 ("C:\Program Files\MiKTeX 2.9\tex\latex\lm\omllmm.fd"
File: omllmm.fd 2009/10/30 v1.6 Font defs for Latin Modern
)
LaTeX Font Info:    Try loading font information for OMS+lmsy on input line 3.

("C:\Program Files\MiKTeX 2.9\tex\latex\lm\omslmsy.fd"
File: omslmsy.fd 2009/10/30 v1.6 Font defs for Latin Modern
)
LaTeX Font Info:    Try loading font information for OMX+lmex on input line 3.
 ("C:\Program Files\MiKTeX 2.9\tex\latex\lm\omxlmex.fd"
File: omxlmex.fd 2009/10/30 v1.6 Font defs for Latin Modern
)
LaTeX Font Info:    External font `lmex10' loaded for size
(Font)              <12> on input line 3.
LaTeX Font Info:    External font `lmex10' loaded for size
(Font)              <8> on input line 3.
LaTeX Font Info:    External font `lmex10' loaded for size
(Font)              <6> on input line 3.
LaTeX Font Info:    Try loading font information for U+msa on input line 3.

("C:\Program Files\MiKTeX 2.9\tex\latex\amsfonts\umsa.fd"
File: umsa.fd 2013/01/14 v3.01 AMS symbols A
)
LaTeX Font Info:    Try loading font information for U+msb on input line 3.
 ("C:\Program Files\MiKTeX 2.9\tex\latex\amsfonts\umsb.fd"
File: umsb.fd 2013/01/14 v3.01 AMS symbols B
)
Overfull \hbox (17.07288pt too wide) in paragraph at lines 27--27
 [][] []\T1/phv/m/n/12 Approche uti-li-sée lors de la concep-tion de ces ap-pli-ca-tions [][]  
 []

[1


{C:/Users/oscuro/AppData/Local/MiKTeX/2.9/pdftex/config/pdftex.map}]
Overfull \hbox (22.38861pt too wide) in paragraph at lines 36--36
 [][] []\T1/phv/m/n/12 Librairies uti-li-sées lors du dé-ve-lop-pe-ment de l'ap-pli-ca-tion 
 []


Overfull \hbox (0.7889pt too wide) in paragraph at lines 53--53
 [][] []\T1/phv/m/n/12 Flux d'in-for-ma-tion entre le web-ser-vice et l'ap-pli-ca-tion 
 []

)
\tf@toc=\write4


Package Fancyhdr Warning: \headheight is too small (12.0pt): 
 Make it at least 15.57593pt.
 We now make it that large for the rest of the document.
 This may cause the page layout to be inconsistent, however.

[2]
Chapitre 1.
LaTeX Font Info:    Font shape `T1/phv/bx/n' in size <17.28> not available
(Font)              Font shape `T1/phv/b/n' tried instead on input line 45.

Overfull \hbox (2.99593pt too wide) in paragraph at lines 48--49
\T1/phv/m/n/12 qui ré-pondent à la de-mande de lo-gi-ciel de ges-tion de ser-vices d'as-sis-tance. 
 []


Overfull \hbox (10.64017pt too wide) in paragraph at lines 52--53
\T1/phv/m/n/12 Bug Tra-cker"[], qui se fo-ca-lise quant à elle sur l'as-sis-tance au dé-ve-lop-pe-ment
 []


Overfull \hbox (12.18707pt too wide) in paragraph at lines 56--57
[]\T1/phv/m/n/12 La vi-tesse d'exé-cu-tion du fra-me-work uti-lisé lors de mon stage[] s'avé-rait
 []


Overfull \hbox (23.77829pt too wide) in paragraph at lines 56--57
\T1/phv/m/n/12 être très lent, mal-gré l'uti-li-sa-tion ri-gou-reuse des best-practices pré-co-ni-sés
 []


Overfull \hbox (18.31892pt too wide) in paragraph at lines 57--58
[]\T1/phv/m/n/12 La flexi-bi-lité de ces dif-fé-rentes pla-te-formes reste as-sez li-mi-tée, j'ai-me-rais
 []

[3

]
Overfull \hbox (6.54678pt too wide) in paragraph at lines 70--71
\T1/phv/m/n/12 re-la-tion utilisateur-gestionnaire et utilisateur-entreprise bien plus fa-ci-le-ment. 
 []


Overfull \hbox (0.57854pt too wide) in paragraph at lines 75--76
\T1/phv/m/n/12 se-rait ré-duit : les ges-tion-naires main-tiennent à jour une base de don-nées
 []


Overfull \hbox (3.45798pt too wide) in paragraph at lines 75--76
\T1/phv/m/n/12 son ges-tion-naire de ti-cket ET l'en-tre-prise en charge de ré-gler le pro-blème
 []


Overfull \hbox (19.41812pt too wide) in paragraph at lines 77--78
[]\T1/phv/m/n/12 L'utilisateur peut aussi uti-li-ser la pla-te-forme de-puis son smart-phone An-droid,
 []


Package Fancyhdr Warning: \headheight is too small (12.0pt): 
 Make it at least 14.49998pt.
 We now make it that large for the rest of the document.
 This may cause the page layout to be inconsistent, however.

[4]
Overfull \hbox (1.02237pt too wide) in paragraph at lines 80--81
\T1/phv/m/n/12 clients à cette en-tre-prise. Pos-si-bi-lité pour l'en-tre-prise de créer un compte
 []


Overfull \hbox (14.71504pt too wide) in paragraph at lines 80--81
\T1/phv/m/n/12 sur la pla-te-forme afin de mieux com-mu-ni-quer avec les dif-fé-rents uti-li-sa-teurs
 []


Overfull \hbox (28.31465pt too wide) in paragraph at lines 84--85
\T1/phv/m/n/12 pla-te-forme pour mettre en re-la-tion uti-li-sa-teurs de la-dite pla-te-forme et en-tre-prises
 []


Overfull \hbox (0.96802pt too wide) in paragraph at lines 88--89
\T1/phv/m/n/12 la/les per-sonnes en charge du ba-ckend de l'ap-pli-ca-tion. (Base de don-nées,
 []


Package Fancyhdr Warning: \headheight is too small (12.0pt): 
 Make it at least 14.49998pt.
 We now make it that large for the rest of the document.
 This may cause the page layout to be inconsistent, however.

[5]
Chapitre 2.

Overfull \hbox (19.36311pt too wide) in paragraph at lines 101--102
[]\T1/phv/m/n/12 Développement du site web : IDE Py-Charm  com-mu-nity edi-tion de Jet-Brains[] 
 []


Overfull \hbox (1.47491pt too wide) in paragraph at lines 111--111
[]\T1/phv/b/n/17.28 Langage de pro-gram-ma-tion uti-lisé : Py-thon 
 []


Overfull \hbox (25.49568pt too wide) in paragraph at lines 112--113
[]\T1/phv/m/n/12 Créé en 1990 par Guido van Ros-sum, Py-thon est un lan-gage de pro-gram-ma-tion
 []


Overfull \hbox (16.13478pt too wide) in paragraph at lines 112--113
\T1/phv/m/n/12 de haut ni-veau à ty-page dy-na-mique, orienté ob-jet et est un lan-gage in-ter-prété. 
 []

[6

]
Overfull \hbox (1.2318pt too wide) in paragraph at lines 131--132
[]\T1/phv/m/n/12 Django est un fra-me-work orienté web créé en 2003 et dis-po-nible en ver-sion
 []


Overfull \hbox (16.15927pt too wide) in paragraph at lines 133--134
\T1/phv/m/n/12 en-cou-ra-geant la mo-du-la-ri-sa-tion et la réuti-li-sa-tion de mo-dules déjà dé-ve-lop-pés
 []

LaTeX Font Info:    Font shape `T1/phv/bx/n' in size <14.4> not available
(Font)              Font shape `T1/phv/b/n' tried instead on input line 139.

Package Fancyhdr Warning: \headheight is too small (12.0pt): 
 Make it at least 15.57593pt.
 We now make it that large for the rest of the document.
 This may cause the page layout to be inconsistent, however.

[7]
Overfull \hbox (6.4997pt too wide) in paragraph at lines 143--144
[]\T1/phv/m/n/12 Dans un contexte de po-pu-la-rité du fra-me-work par rap-port à ses concur-rents,
 []


Overfull \hbox (3.63182pt too wide) in paragraph at lines 147--148
[]\T1/phv/m/n/12 Finalement, j'ai choisi Django car j'ai voulu ap-prendre une nou-velle ma-nière
 []


Overfull \hbox (0.48322pt too wide) in paragraph at lines 154--155
\T1/phv/m/n/12 sa ver-sion 3.x vu les per-for-mances amé-lio-rées de cette nou-velle ver-sion. 
 []


Overfull \hbox (2.13866pt too wide) in paragraph at lines 155--156
[]\T1/phv/m/n/12 Les dé-pen-dances de li-brai-ries py-thon, fa-ci-le-ment ins-tal-lées grâce à l'ou-til
 []


Overfull \hbox (1.99942pt too wide) in paragraph at lines 158--159
\T1/phv/m/n/12 reste qu'à soit clo-ner un pro-jet Django de-puis votre hé-ber-geur git, mer-cu-rial
 []


Overfull \hbox (38.59917pt too wide) in paragraph at lines 160--161
\T1/phv/m/n/12 dé-faut une base de don-nées SQ-Lite, mais il est fa-cile d'in-ter-chan-ger d'ar-chi-tec-ture
 []


Package Fancyhdr Warning: \headheight is too small (12.0pt): 
 Make it at least 15.57593pt.
 We now make it that large for the rest of the document.
 This may cause the page layout to be inconsistent, however.

[8]
Overfull \hbox (4.53168pt too wide) in paragraph at lines 171--172
[]\T1/phv/m/n/12 Finalement, la com-mu-nauté pré-sente au-tour de Django étant as-sez grande,
 []


Package Fancyhdr Warning: \headheight is too small (12.0pt): 
 Make it at least 15.57593pt.
 We now make it that large for the rest of the document.
 This may cause the page layout to be inconsistent, however.

[9]
Overfull \hbox (5.5755pt too wide) in paragraph at lines 182--183
[]\T1/phv/m/n/12 La vue quant à elle sert à dé-fi-nir l'in-ter-face homme-machine de l'ap-pli-ca-tion,
 []


Overfull \hbox (0.12743pt too wide) in paragraph at lines 186--187
\T1/phv/m/n/12 par contre la vue s'ap-pe-lera "tem-plate", et le contrô-leur s'ap-pel-lera "views",
 []


Overfull \hbox (21.35597pt too wide) in paragraph at lines 189--190
[]\T1/phv/m/n/12 Les mo-dèles en Django sont tous conte-nus dans un fi-chier ap-pelé "mo-dels.py".
 []


Overfull \hbox (2.07256pt too wide) in paragraph at lines 191--192
[]\T1/phv/m/n/12 Les mo-dèles sont re-pré-sen-tés par une classe. Ces classes sont consi-tuées
 []


Overfull \hbox (13.21964pt too wide) in paragraph at lines 193--194
[]\T1/phv/m/n/12 La créa-tion d'ob-jets se fait dans le contrô-leur. (voir sec-tion sur les contrô-leurs,
 []


Overfull \hbox (18.60779pt too wide) in paragraph at lines 195--196
[]\T1/phv/m/n/12 Chacune des classes mo-dèle dé-rive d'une classe "`Mo-del"' pa-rente, conte-nant
 []


Package Fancyhdr Warning: \headheight is too small (12.0pt): 
 Make it at least 15.57593pt.
 We now make it that large for the rest of the document.
 This may cause the page layout to be inconsistent, however.

[10]
Overfull \hbox (3.42142pt too wide) in paragraph at lines 209--210
\T1/phv/m/n/12 re-tour-nant une URL poin-tant vers un tem-plate à faire ap-pa-raître à l'écran. 
 []


Overfull \hbox (15.66756pt too wide) in paragraph at lines 219--220
[]\T1/phv/m/n/12 Pour que les uti-li-sa-teurs puissent at-teindre les dif-fé-rentes vues qui com-posent
 []


Overfull \hbox (4.38765pt too wide) in paragraph at lines 221--222
[]\T1/phv/m/n/12 Il existe dans le mo-dule ra-cine un rou-teur de base conte-nant les ins-truc-tions
 []


Overfull \hbox (15.7392pt too wide) in paragraph at lines 221--222
\T1/phv/m/n/12 de rou-tage de base. L'URL passe d'abord par ce pre-mier rou-teur qui s'oc-cupe,
 []

<images/ticket-routeur-racine.png, id=39, 283.81032pt x 108.405pt>
File: images/ticket-routeur-racine.png Graphic file (type png)
 <use images/ticket-routeur-racine.png>
Package pdftex.def Info: images/ticket-routeur-racine.png used on input line 226.
(pdftex.def)             Requested size: 312.00119pt x 119.18465pt.


Package Fancyhdr Warning: \headheight is too small (12.0pt): 
 Make it at least 15.57593pt.
 We now make it that large for the rest of the document.
 This may cause the page layout to be inconsistent, however.

[11] <images/ticket-routeur-secondaire.png, id=44, 554.82281pt x 102.3825pt>
File: images/ticket-routeur-secondaire.png Graphic file (type png)
 <use images/ticket-routeur-secondaire.png>
Package pdftex.def Info: images/ticket-routeur-secondaire.png used on input line 236.
(pdftex.def)             Requested size: 312.00119pt x 57.57439pt.

Overfull \hbox (34.62599pt too wide) in paragraph at lines 243--244
[]\T1/phv/m/n/12 Les mé-thodes GET et/ou POST sont sur-char-gées afin de dé-fi-nir le com-por-te-ment
 []


Overfull \hbox (4.92575pt too wide) in paragraph at lines 243--244
\T1/phv/m/n/12 l'ap-pli-ca-tion. Les mé-thodes GET et POST doivent obli-ga-toi-re-ment re-tour-ner
 []


Package Fancyhdr Warning: \headheight is too small (12.0pt): 
 Make it at least 15.57593pt.
 We now make it that large for the rest of the document.
 This may cause the page layout to be inconsistent, however.

[12 <J:/CODING/repos/git/py/tickets/rapport tfe/latex/images/ticket-routeur-racine.png> <J:/CODING/repos/git/py/tickets/
rapport tfe/latex/images/ticket-routeur-secondaire.png>]
Overfull \hbox (0.31998pt too wide) in paragraph at lines 250--251
[]\T1/phv/m/n/12 Les va-riables sont pas-sées par le contrô-leur au tem-plate via ce que Django
 []


Overfull \hbox (4.32712pt too wide) in paragraph at lines 252--253
[]\T1/phv/m/n/12 La dé-fi-ni-tion d'un "tem-plate tag" est quant à elle plus large : Le tag de-mande
 []


Overfull \hbox (0.22397pt too wide) in paragraph at lines 254--255
\T1/phv/m/n/12 en-suite étendu par un tem-plate en-fant qui re-dé-fi-nira le vi-suel de ces blocks.
 []


Overfull \hbox (2.0pt too wide) in paragraph at lines 258--259
[]
 []


Underfull \hbox (badness 10000) in paragraph at lines 258--259

 []


Overfull \hbox (17.56483pt too wide) in paragraph at lines 261--261
[][][][]\T1/phv/m/n/12 TODO : 
 []


Overfull \hbox (11.45326pt too wide) in paragraph at lines 261--261
\T1/phv/m/n/12 L'ORM 
 []


Overfull \hbox (14.05717pt too wide) in paragraph at lines 261--261
\T1/phv/m/n/12 Django  
 []


Overfull \hbox (17.56483pt too wide) in paragraph at lines 261--261
[][][][]\T1/phv/m/n/12 TODO : 
 []


Overfull \hbox (11.45326pt too wide) in paragraph at lines 261--261
\T1/phv/m/n/12 L'ORM 
 []


Overfull \hbox (14.05717pt too wide) in paragraph at lines 261--261
\T1/phv/m/n/12 Django  
 []


Overfull \hbox (17.56483pt too wide) in paragraph at lines 261--261
[][][][]\T1/phv/m/n/12 TODO : 
 []


Overfull \hbox (11.45326pt too wide) in paragraph at lines 261--261
\T1/phv/m/n/12 L'ORM 
 []


Overfull \hbox (14.05717pt too wide) in paragraph at lines 261--261
\T1/phv/m/n/12 Django  
 []


Overfull \hbox (17.56483pt too wide) in paragraph at lines 261--261
[][][][]\T1/phv/m/n/12 TODO : 
 []


Overfull \hbox (11.45326pt too wide) in paragraph at lines 261--261
\T1/phv/m/n/12 L'ORM 
 []


Overfull \hbox (14.05717pt too wide) in paragraph at lines 261--261
\T1/phv/m/n/12 Django  
 []


Overfull \hbox (7.33978pt too wide) in paragraph at lines 261--263
\T1/phv/m/n/12 tables et champs dans la/les base(s) de don-nées uti-li-sée(s) par l'ap-pli-ca-tion. 
 []


Overfull \hbox (10.63977pt too wide) in paragraph at lines 265--266
\T1/phv/m/n/12 re-lo-ca-lise. C'est une très bonne base de don-nées pour tes-ter les ap-pli-ca-tions
 []


Package Fancyhdr Warning: \headheight is too small (12.0pt): 
 Make it at least 15.57593pt.
 We now make it that large for the rest of the document.
 This may cause the page layout to be inconsistent, however.

[13]

Package Fancyhdr Warning: \headheight is too small (12.0pt): 
 Make it at least 15.57593pt.
 We now make it that large for the rest of the document.
 This may cause the page layout to be inconsistent, however.

[14]
Chapitre 3.

Overfull \hbox (3.47546pt too wide) in paragraph at lines 279--280
[]\T1/phv/m/n/12 Cette pla-te-forme de ti-cke-ting a été réa-li-sée lors de mon stage en en-tre-prise. 
 []


Overfull \hbox (3.55966pt too wide) in paragraph at lines 286--287
\T1/phv/m/n/12 posé la ques-tion, pen-dant et après mon stage, "com-ment pourrais-je rendre
 []


Overfull \hbox (27.13521pt too wide) in paragraph at lines 286--287
\T1/phv/m/n/12 cette pla-te-forme plus per-for-mante et plus flexible qu'elle ne l'est ac-tuel-le-ment?". 
 []

[15

]
Overfull \hbox (19.69461pt too wide) in paragraph at lines 293--294
\T1/phv/m/n/12 qua-si-ment nulle, il n'exis-tait que la pos-si-bi-lité d'en-voyer un mail à l'en-tre-prise
 []


Overfull \hbox (12.97893pt too wide) in paragraph at lines 301--302
\T1/phv/m/n/12 ap-pli-ca-tion An-droid, tout en uti-li-sant une ap-proche dif-fé-rente de celle adop-tée
 []


Overfull \hbox (53.90402pt too wide) in paragraph at lines 303--303
[]\T1/phv/b/n/14.4 Approche uti-li-sée lors de la concep-tion de ces ap-pli-ca-tions 
 []


Overfull \hbox (31.38496pt too wide) in paragraph at lines 307--307
[][][][]\T1/phv/m/n/12 Compléter 
 []


Overfull \hbox (8.71725pt too wide) in paragraph at lines 307--307
\T1/phv/m/n/12 règles 
 []


Overfull \hbox (9.37717pt too wide) in paragraph at lines 307--307
\T1/phv/m/n/12 mé-tier  
 []


Overfull \hbox (31.38496pt too wide) in paragraph at lines 307--307
[][][][]\T1/phv/m/n/12 Compléter 
 []


Overfull \hbox (8.71725pt too wide) in paragraph at lines 307--307
\T1/phv/m/n/12 règles 
 []


Overfull \hbox (9.37717pt too wide) in paragraph at lines 307--307
\T1/phv/m/n/12 mé-tier  
 []


Overfull \hbox (31.38496pt too wide) in paragraph at lines 307--307
[][][][]\T1/phv/m/n/12 Compléter 
 []


Overfull \hbox (8.71725pt too wide) in paragraph at lines 307--307
\T1/phv/m/n/12 règles 
 []


Overfull \hbox (9.37717pt too wide) in paragraph at lines 307--307
\T1/phv/m/n/12 mé-tier  
 []


Overfull \hbox (31.38496pt too wide) in paragraph at lines 307--307
[][][][]\T1/phv/m/n/12 Compléter 
 []


Overfull \hbox (8.71725pt too wide) in paragraph at lines 307--307
\T1/phv/m/n/12 règles 
 []


Overfull \hbox (9.37717pt too wide) in paragraph at lines 307--307
\T1/phv/m/n/12 mé-tier  
 []


Overfull \hbox (7.23209pt too wide) in paragraph at lines 307--309
[][]\T1/phv/m/n/12 Il est né-cés-saire dans ce genre d'ap-pli-ca-tions tra-vaillant avec di-vers ac-teurs,
 []


Package Fancyhdr Warning: \headheight is too small (12.0pt): 
 Make it at least 15.57593pt.
 We now make it that large for the rest of the document.
 This may cause the page layout to be inconsistent, however.

[16]
Overfull \hbox (21.90215pt too wide) in paragraph at lines 314--315
\T1/phv/m/n/12 pla-te-forme. Ob-jec-tif : Fil-trage d'éven-tuelles créa-tion de compte in-tem-pes-tive. 
 []


Overfull \hbox (28.8024pt too wide) in paragraph at lines 315--316
[]\T1/phv/m/n/12 La créa-tion d'en-tre-prises est lais-sée aux ad-mi-nis-tra-teurs et aux ges-tion-naires,
 []


Overfull \hbox (27.65062pt too wide) in paragraph at lines 316--317
[]\T1/phv/m/n/12 La créa-tion de ca-té-go-ries d'évè-ne-ments est aussi lais-sée aux ad-mi-nis-tra-teurs
 []


Overfull \hbox (16.97064pt too wide) in paragraph at lines 317--318
\T1/phv/m/n/12 in-for-ma-tions via la pla-te-forme web, afin que la pla-te-forme puisse dé-ter-mi-ner
 []

<images/schemas/processus_gestion_ticket.PNG, id=63, 913.91437pt x 478.03593pt>
File: images/schemas/processus_gestion_ticket.PNG Graphic file (type png)

<use images/schemas/processus_gestion_ticket.PNG>
Package pdftex.def Info: images/schemas/processus_gestion_ticket.PNG used on input line 325.
(pdftex.def)             Requested size: 913.91212pt x 478.03476pt.

Overfull \hbox (523.91212pt too wide) in paragraph at lines 325--326
 [][] 
 []


Overfull \hbox (29.93462pt too wide) in paragraph at lines 344--345
[]\T1/phv/m/n/12 Confirmation de la ré-so-lu-tion du pro-blème avec les dif-fé-rents pro-ta-go-nistes 
 []


Package Fancyhdr Warning: \headheight is too small (12.0pt): 
 Make it at least 15.57593pt.
 We now make it that large for the rest of the document.
 This may cause the page layout to be inconsistent, however.

[17]

Package Fancyhdr Warning: \headheight is too small (12.0pt): 
 Make it at least 15.57593pt.
 We now make it that large for the rest of the document.
 This may cause the page layout to be inconsistent, however.

[18 <J:/CODING/repos/git/py/tickets/rapport tfe/latex/images/schemas/processus_gestion_ticket.PNG>]
Overfull \hbox (22.72096pt too wide) in paragraph at lines 354--354
\T1/phv/m/n/12 d'ac-ti-vité 
 []


Overfull \hbox (22.72096pt too wide) in paragraph at lines 354--354
\T1/phv/m/n/12 d'ac-ti-vité 
 []


Overfull \hbox (22.72096pt too wide) in paragraph at lines 354--354
\T1/phv/m/n/12 d'ac-ti-vité 
 []


Overfull \hbox (22.72096pt too wide) in paragraph at lines 354--354
\T1/phv/m/n/12 d'ac-ti-vité 
 []


Overfull \hbox (2.0pt too wide) in paragraph at lines 355--356
[]
 []


Overfull \hbox (2.0pt too wide) in paragraph at lines 356--357
[]
 []


Underfull \hbox (badness 10000) in paragraph at lines 356--357

 []


Overfull \hbox (37.3968pt too wide) in paragraph at lines 363--363
[][][][]\T1/phv/m/n/12 dictionnaire 
 []


Overfull \hbox (22.0731pt too wide) in paragraph at lines 363--363
\T1/phv/m/n/12 don-nées  
 []


Overfull \hbox (37.3968pt too wide) in paragraph at lines 363--363
[][][][]\T1/phv/m/n/12 dictionnaire 
 []


Overfull \hbox (22.0731pt too wide) in paragraph at lines 363--363
\T1/phv/m/n/12 don-nées  
 []


Overfull \hbox (37.3968pt too wide) in paragraph at lines 363--363
[][][][]\T1/phv/m/n/12 dictionnaire 
 []


Overfull \hbox (22.0731pt too wide) in paragraph at lines 363--363
\T1/phv/m/n/12 don-nées  
 []


Overfull \hbox (37.3968pt too wide) in paragraph at lines 363--363
[][][][]\T1/phv/m/n/12 dictionnaire 
 []


Overfull \hbox (22.0731pt too wide) in paragraph at lines 363--363
\T1/phv/m/n/12 don-nées  
 []


Overfull \hbox (16.67628pt too wide) in paragraph at lines 366--367
[]\T1/phv/m/n/12 Vous trou-ve-rez le schéma re-pré-sen-tant la base de don-nées dans les an-nexes,
 []


Package Fancyhdr Warning: \headheight is too small (12.0pt): 
 Make it at least 15.57593pt.
 We now make it that large for the rest of the document.
 This may cause the page layout to be inconsistent, however.

[19]
Overfull \hbox (51.40088pt too wide) in paragraph at lines 369--369
[][][][]\T1/phv/m/n/12 Sous-sections 
 []


Overfull \hbox (17.39322pt too wide) in paragraph at lines 369--369
\T1/phv/m/n/12 ana-lyse 
 []


Overfull \hbox (33.40085pt too wide) in paragraph at lines 369--369
\T1/phv/m/n/12 ap-pli-ca-tion 
 []


Overfull \hbox (51.40088pt too wide) in paragraph at lines 369--369
[][][][]\T1/phv/m/n/12 Sous-sections 
 []


Overfull \hbox (17.39322pt too wide) in paragraph at lines 369--369
\T1/phv/m/n/12 ana-lyse 
 []


Overfull \hbox (33.40085pt too wide) in paragraph at lines 369--369
\T1/phv/m/n/12 ap-pli-ca-tion 
 []


Overfull \hbox (51.40088pt too wide) in paragraph at lines 369--369
[][][][]\T1/phv/m/n/12 Sous-sections 
 []


Overfull \hbox (17.39322pt too wide) in paragraph at lines 369--369
\T1/phv/m/n/12 ana-lyse 
 []


Overfull \hbox (33.40085pt too wide) in paragraph at lines 369--369
\T1/phv/m/n/12 ap-pli-ca-tion 
 []


Overfull \hbox (51.40088pt too wide) in paragraph at lines 369--369
[][][][]\T1/phv/m/n/12 Sous-sections 
 []


Overfull \hbox (17.39322pt too wide) in paragraph at lines 369--369
\T1/phv/m/n/12 ana-lyse 
 []


Overfull \hbox (33.40085pt too wide) in paragraph at lines 369--369
\T1/phv/m/n/12 ap-pli-ca-tion 
 []


Overfull \hbox (47.43777pt too wide) in paragraph at lines 371--371
[]\T1/phv/b/n/14.4 Librairies uti-li-sées lors du dé-ve-lop-pe-ment de l'ap-pli-ca-tion
 []


Overfull \hbox (2.0pt too wide) in paragraph at lines 377--378
[]
 []


Underfull \hbox (badness 10000) in paragraph at lines 377--378

 []


Overfull \hbox (14.38358pt too wide) in paragraph at lines 380--381
\T1/phv/m/n/12 d'ex-ten-sions en ja-vas-cript qui per-mettent d'étendre, ou du moins de sim-pli-fier,
 []


Package Fancyhdr Warning: \headheight is too small (12.0pt): 
 Make it at least 15.57593pt.
 We now make it that large for the rest of the document.
 This may cause the page layout to be inconsistent, however.

[20] <images/code-snippets/jquery-collapse-extend-div.JPG, id=78, 193.47281pt x 57.96657pt>
File: images/code-snippets/jquery-collapse-extend-div.JPG Graphic file (type jpg)

<use images/code-snippets/jquery-collapse-extend-div.JPG>
Package pdftex.def Info: images/code-snippets/jquery-collapse-extend-div.JPG used on input line 386.
(pdftex.def)             Requested size: 193.47234pt x 57.96642pt.

Overfull \hbox (2.43163pt too wide) in paragraph at lines 392--393
\T1/phv/m/n/12 cen-taines de ki-lo-mètres de l'en-droit dé-si-gné par l'uti-li-sa-teur dans son ti-cket. 
 []


Overfull \hbox (4.58002pt too wide) in paragraph at lines 396--397
[]\T1/phv/m/n/12 Si par contre le bâ-ti-ment lié au ti-cket ne pos-sède pas d'adresse, ou pos-sède
 []


Overfull \hbox (13.45952pt too wide) in paragraph at lines 396--397
\T1/phv/m/n/12 toutes les en-tre-prises au-ront la même va-leur de dis-tance (tou-jours 99999km). 
 []


Overfull \hbox (19.85005pt too wide) in paragraph at lines 403--404
[]\T1/phv/m/n/12 Finalement, j'ai trouvé une li-brai-rie en Py-thon, ap-pe-lée GeoPy[][] per-met-tant
 []


Overfull \hbox (21.14679pt too wide) in paragraph at lines 403--404
\T1/phv/m/n/12 d'uti-li-ser plu-sieurs ser-vices de géo-lo-ca-li-sa-tion à la fois, ce qui non seule-ment
 []


Overfull \hbox (18.1706pt too wide) in paragraph at lines 403--404
\T1/phv/m/n/12 re-lève as-sez for-te-me-ment la li-mite de re-quêtes jour-na-lières, mais aug-mente
 []


Package Fancyhdr Warning: \headheight is too small (12.0pt): 
 Make it at least 15.57593pt.
 We now make it that large for the rest of the document.
 This may cause the page layout to be inconsistent, however.

[21 <J:/CODING/repos/git/py/tickets/rapport tfe/latex/images/code-snippets/jquery-collapse-extend-div.JPG>]
Overfull \hbox (21.84717pt too wide) in paragraph at lines 406--407
\T1/phv/m/n/12 qu'à ef-fec-tuer une re-quête par en-tre-prise et à ré-cu-pé-rer la liste des en-tre-prises,
 []

<images/code-snippets/geolocalisation-findlocationbyaddress.JPG, id=82, 425.33907pt x 216.81pt>
File: images/code-snippets/geolocalisation-findlocationbyaddress.JPG Graphic file (type jpg)

<use images/code-snippets/geolocalisation-findlocationbyaddress.JPG>
Package pdftex.def Info: images/code-snippets/geolocalisation-findlocationbyaddress.JPG used on input line 412.
(pdftex.def)             Requested size: 425.33801pt x 216.80946pt.

Overfull \hbox (35.33801pt too wide) in paragraph at lines 412--413
 [][] 
 []

<images/screenshots/web/dropdown-selection-entreprise.png, id=83, 307.1475pt x 54.9553pt>
File: images/screenshots/web/dropdown-selection-entreprise.png Graphic file (type png)

<use images/screenshots/web/dropdown-selection-entreprise.png>
Package pdftex.def Info: images/screenshots/web/dropdown-selection-entreprise.png used on input line 419.
(pdftex.def)             Requested size: 307.14674pt x 54.95515pt.


Package Fancyhdr Warning: \headheight is too small (12.0pt): 
 Make it at least 15.57593pt.
 We now make it that large for the rest of the document.
 This may cause the page layout to be inconsistent, however.

[22 <J:/CODING/repos/git/py/tickets/rapport tfe/latex/images/code-snippets/geolocalisation-findlocationbyaddress.JPG> <J
:/CODING/repos/git/py/tickets/rapport tfe/latex/images/screenshots/web/dropdown-selection-entreprise.png>]
Overfull \hbox (8.71983pt too wide) in paragraph at lines 432--433
[]\T1/phv/m/n/12 Pour per-mettre la com-mu-ni-ca-tion avec les dif-fé-rents clients mo-biles An-droid,
 []

LaTeX Font Info:    Font shape `T1/phv/m/it' in size <12> not available
(Font)              Font shape `T1/phv/m/sl' tried instead on input line 436.

Overfull \hbox (24.92693pt too wide) in paragraph at lines 443--444
\T1/phv/m/n/12 don-nées. De la même ma-nière, le ser-veur ne s'oc-cupe pas de la pré-sen-ta-tion
 []


Overfull \hbox (53.18675pt too wide) in paragraph at lines 450--451
\T1/phv/m/n/12 in-for-ma-tions de ses-sion sont en-voyées à cha-cune de celle-ci. J'ai per-son-nel-le-ment
 []


Package Fancyhdr Warning: \headheight is too small (12.0pt): 
 Make it at least 15.57593pt.
 We now make it that large for the rest of the document.
 This may cause the page layout to be inconsistent, however.

[23] <images/code-snippets/exemple-routeur-webservice.png, id=91, 1009.52156pt x 330.48468pt>
File: images/code-snippets/exemple-routeur-webservice.png Graphic file (type png)

<use images/code-snippets/exemple-routeur-webservice.png>
Package pdftex.def Info: images/code-snippets/exemple-routeur-webservice.png used on input line 460.
(pdftex.def)             Requested size: 350.99762pt x 114.90486pt.

Overfull \hbox (30.35555pt too wide) in paragraph at lines 466--467
\T1/phv/m/n/12 par Django Rest Fra-me-work et un mo-dèle nor-mal, pré-sent dans l'im-plé-men-ta-tion
 []

<images/schemas/communication-django-webservice-android.png, id=92, 1098.35344pt x 238.64156pt>
File: images/schemas/communication-django-webservice-android.png Graphic file (type png)

<use images/schemas/communication-django-webservice-android.png>
Package pdftex.def Info: images/schemas/communication-django-webservice-android.png used on input line 470.
(pdftex.def)             Requested size: 350.99762pt x 76.26125pt.


Package Fancyhdr Warning: \headheight is too small (12.0pt): 
 Make it at least 15.57593pt.
 We now make it that large for the rest of the document.
 This may cause the page layout to be inconsistent, however.

[24 <J:/CODING/repos/git/py/tickets/rapport tfe/latex/images/code-snippets/exemple-routeur-webservice.png>]
LaTeX Font Info:    Font shape `T1/phv/m/it' in size <10> not available
(Font)              Font shape `T1/phv/m/sl' tried instead on input line 479.

Overfull \hbox (69.77704pt too wide) in paragraph at lines 479--480
[]\T1/phv/m/n/12 L'URI[] à at-teindre dans le web ser-vice, par exemple "127.0.0.1/rest/liste-des-tickets".
 []


Overfull \hbox (23.465pt too wide) in paragraph at lines 487--487
[][][][]\T1/phv/m/n/12 Pourquoi 
 []


Overfull \hbox (33.40085pt too wide) in paragraph at lines 487--487
\T1/phv/m/n/12 ap-pli-ca-tion 
 []


Overfull \hbox (24.73308pt too wide) in paragraph at lines 487--487
\T1/phv/m/n/12 an-droid?  
 []


Overfull \hbox (23.465pt too wide) in paragraph at lines 487--487
[][][][]\T1/phv/m/n/12 Pourquoi 
 []


Overfull \hbox (33.40085pt too wide) in paragraph at lines 487--487
\T1/phv/m/n/12 ap-pli-ca-tion 
 []


Overfull \hbox (24.73308pt too wide) in paragraph at lines 487--487
\T1/phv/m/n/12 an-droid?  
 []


Overfull \hbox (23.465pt too wide) in paragraph at lines 487--487
[][][][]\T1/phv/m/n/12 Pourquoi 
 []


Overfull \hbox (33.40085pt too wide) in paragraph at lines 487--487
\T1/phv/m/n/12 ap-pli-ca-tion 
 []


Overfull \hbox (24.73308pt too wide) in paragraph at lines 487--487
\T1/phv/m/n/12 an-droid?  
 []


Overfull \hbox (23.465pt too wide) in paragraph at lines 487--487
[][][][]\T1/phv/m/n/12 Pourquoi 
 []


Overfull \hbox (33.40085pt too wide) in paragraph at lines 487--487
\T1/phv/m/n/12 ap-pli-ca-tion 
 []


Overfull \hbox (24.73308pt too wide) in paragraph at lines 487--487
\T1/phv/m/n/12 an-droid?  
 []


Overfull \hbox (4.90392pt too wide) in paragraph at lines 497--498
\T1/phv/m/n/12 im-plé-menté les dif-fé-rentes ac-ti-vi-tés de ma-nière à ce qu'elles com-mu-niquent
 []


Overfull \hbox (2.0pt too wide) in paragraph at lines 499--500
[]
 []


Underfull \hbox (badness 10000) in paragraph at lines 499--500

 []


Package Fancyhdr Warning: \headheight is too small (12.0pt): 
 Make it at least 15.57593pt.
 We now make it that large for the rest of the document.
 This may cause the page layout to be inconsistent, however.

[25 <J:/CODING/repos/git/py/tickets/rapport tfe/latex/images/schemas/communication-django-webservice-android.png>]
Overfull \hbox (28.31598pt too wide) in paragraph at lines 502--503
\T1/phv/m/n/12 passe) afin de pou-voir ac-cé-der aux dif-fé-rents ser-vices pro-po-sés par l'ap-pli-ca-tion
 []


Overfull \hbox (2.11946pt too wide) in paragraph at lines 508--509
[]\T1/phv/m/n/12 Afin d'as-su-rer une re-la-tive sé-cu-rité aux in-for-ma-tions de lo-gin de l'uti-li-sa-teur,
 []


Overfull \hbox (10.39978pt too wide) in paragraph at lines 508--509
\T1/phv/m/n/12 conte-nant ces in-for-ma-tions sera ef-facé du cache de l'ap-pli-ca-tion, afin d'évi-ter
 []


Package Fancyhdr Warning: \headheight is too small (12.0pt): 
 Make it at least 15.57593pt.
 We now make it that large for the rest of the document.
 This may cause the page layout to be inconsistent, however.

[26]
Overfull \hbox (32.40735pt too wide) in paragraph at lines 529--530
[]\T1/phv/m/n/12 Il est im-pen-sable que l'uti-li-sa-teur doive se re-con-nec-ter entre chaque chan-ge-ment
 []


Overfull \hbox (11.53984pt too wide) in paragraph at lines 531--532
[]\T1/phv/m/n/12 Un autre exemple est le cache conte-nant les in-for-ma-tions d'un ti-cket com-plet,
 []


Package Fancyhdr Warning: \headheight is too small (12.0pt): 
 Make it at least 15.57593pt.
 We now make it that large for the rest of the document.
 This may cause the page layout to be inconsistent, however.

[27]
Overfull \hbox (7.7835pt too wide) in paragraph at lines 548--549
\T1/phv/m/n/12 d'im-plé-men-ter une mé-thode de ha-shing, com-pre-nant toutes les in-for-ma-tions
 []


Overfull \hbox (3.96756pt too wide) in paragraph at lines 552--553
[]\T1/phv/m/n/12 Cependant, par manque de temps, je n'ai pas pu im-plé-men-ter cette so-lu-tion
 []


Overfull \hbox (2.0pt too wide) in paragraph at lines 554--555
[]
 []


Underfull \hbox (badness 10000) in paragraph at lines 554--555

 []


Overfull \hbox (38.07124pt too wide) in paragraph at lines 558--559
\T1/phv/m/n/12 qua-si-ment ins-tan-ta-née, blo-quait mon ap-pli-ca-tion pen-dant quelques mil-li-se-condes. 
 []


Overfull \hbox (11.14325pt too wide) in paragraph at lines 562--563
[]\T1/phv/m/n/12 M'est alors ve-nue l'idée d'im-plé-men-ter un sys-tème de re-quête REST lan-cées
 []


Package Fancyhdr Warning: \headheight is too small (12.0pt): 
 Make it at least 15.57593pt.
 We now make it that large for the rest of the document.
 This may cause the page layout to be inconsistent, however.

[28]
Overfull \hbox (4.68736pt too wide) in paragraph at lines 564--565
\T1/phv/m/n/12 com-mu-ni-ca-tion avec la li-brai-rie "Re-tro-fit" per-met-tant d'émettre des re-quêtes
 []


Overfull \hbox (17.88918pt too wide) in paragraph at lines 574--574
[]\T1/phv/b/n/14.4 Flux d'in-for-ma-tion entre le web-ser-vice et l'ap-pli-ca-tion
 []


Overfull \hbox (44.6687pt too wide) in paragraph at lines 575--575
\T1/phv/m/n/12 d'in-for-ma-tion 
 []


Overfull \hbox (16.0611pt too wide) in paragraph at lines 575--575
\T1/phv/m/n/12 an-droid  
 []


Overfull \hbox (44.6687pt too wide) in paragraph at lines 575--575
\T1/phv/m/n/12 d'in-for-ma-tion 
 []


Overfull \hbox (16.0611pt too wide) in paragraph at lines 575--575
\T1/phv/m/n/12 an-droid  
 []


Overfull \hbox (44.6687pt too wide) in paragraph at lines 575--575
\T1/phv/m/n/12 d'in-for-ma-tion 
 []


Overfull \hbox (16.0611pt too wide) in paragraph at lines 575--575
\T1/phv/m/n/12 an-droid  
 []


Overfull \hbox (44.6687pt too wide) in paragraph at lines 575--575
\T1/phv/m/n/12 d'in-for-ma-tion 
 []


Overfull \hbox (16.0611pt too wide) in paragraph at lines 575--575
\T1/phv/m/n/12 an-droid  
 []


Overfull \hbox (31.32756pt too wide) in paragraph at lines 589--590
\T1/phv/m/n/12 des ins-tances "dis-til-lées" d'ob-jets, ne re-pre-nant que les in-for-ma-tions né-cés-saires
 []


Package Fancyhdr Warning: \headheight is too small (12.0pt): 
 Make it at least 15.57593pt.
 We now make it that large for the rest of the document.
 This may cause the page layout to be inconsistent, however.

[29]
Overfull \hbox (1.65178pt too wide) in paragraph at lines 597--598
[]\T1/phv/m/n/12 Bien en-tendu, le nombre de ti-ckets reste as-sez li-mité dans mon ap-pli-ca-tion,
 []


Overfull \hbox (9.66763pt too wide) in paragraph at lines 597--598
\T1/phv/m/n/12 An-droid concur-rents, à sa-voir qu'une telle pla-te-forme, telle que je l'ai pen-sée,
 []


Overfull \hbox (28.2678pt too wide) in paragraph at lines 597--598
\T1/phv/m/n/12 de-vrait pou-voir être ca-pable de sou-te-nir plu-sieurs di-zaines de clients si-mul-ta-nés. 
 []


Overfull \hbox (5.50371pt too wide) in paragraph at lines 599--600
\T1/phv/m/n/12 web ser-vice. Ce-pen-dant, au vu des ré-sul-tats, je pense qu'une aug-men-ta-tion
 []

<images/screenshots/proofs/comparaison-rest-full-ticket.png, id=114, 509.65407pt x 11.29219pt>
File: images/screenshots/proofs/comparaison-rest-full-ticket.png Graphic file (type png)

<use images/screenshots/proofs/comparaison-rest-full-ticket.png>
Package pdftex.def Info: images/screenshots/proofs/comparaison-rest-full-ticket.png used on input line 603.
(pdftex.def)             Requested size: 390.0pt x 8.6414pt.

<images/screenshots/proofs/comparaison-rest-simple-ticket.png, id=115, 503.63156pt x 11.29219pt>
File: images/screenshots/proofs/comparaison-rest-simple-ticket.png Graphic file (type png)

<use images/screenshots/proofs/comparaison-rest-simple-ticket.png>
Package pdftex.def Info: images/screenshots/proofs/comparaison-rest-simple-ticket.png used on input line 610.
(pdftex.def)             Requested size: 390.0pt x 8.74445pt.

Overfull \hbox (38.72876pt too wide) in paragraph at lines 616--616
\T1/phv/m/n/12 l'ap-pli-ca-tion 
 []


Overfull \hbox (16.0611pt too wide) in paragraph at lines 616--616
\T1/phv/m/n/12 an-droid  
 []


Overfull \hbox (38.72876pt too wide) in paragraph at lines 616--616
\T1/phv/m/n/12 l'ap-pli-ca-tion 
 []


Overfull \hbox (16.0611pt too wide) in paragraph at lines 616--616
\T1/phv/m/n/12 an-droid  
 []


Overfull \hbox (38.72876pt too wide) in paragraph at lines 616--616
\T1/phv/m/n/12 l'ap-pli-ca-tion 
 []


Overfull \hbox (16.0611pt too wide) in paragraph at lines 616--616
\T1/phv/m/n/12 an-droid  
 []


Overfull \hbox (38.72876pt too wide) in paragraph at lines 616--616
\T1/phv/m/n/12 l'ap-pli-ca-tion 
 []


Overfull \hbox (16.0611pt too wide) in paragraph at lines 616--616
\T1/phv/m/n/12 an-droid  
 []


Package Fancyhdr Warning: \headheight is too small (12.0pt): 
 Make it at least 15.57593pt.
 We now make it that large for the rest of the document.
 This may cause the page layout to be inconsistent, however.

[30 <J:/CODING/repos/git/py/tickets/rapport tfe/latex/images/screenshots/proofs/comparaison-rest-full-ticket.png> <J:/CO
DING/repos/git/py/tickets/rapport tfe/latex/images/screenshots/proofs/comparaison-rest-simple-ticket.png>]
Overfull \hbox (2.0pt too wide) in paragraph at lines 619--620
[]
 []


Underfull \hbox (badness 10000) in paragraph at lines 619--620

 []


Overfull \hbox (10.82721pt too wide) in paragraph at lines 623--624
\T1/phv/m/n/12 "Re-tro-fit"[], fait of-fice d'in-ter-face entre l'ap-pli-ca-tion An-droid et le web ser-vice,
 []


Package Fancyhdr Warning: \headheight is too small (12.0pt): 
 Make it at least 15.57593pt.
 We now make it that large for the rest of the document.
 This may cause the page layout to be inconsistent, however.

[31]

Package Fancyhdr Warning: \headheight is too small (12.0pt): 
 Make it at least 15.57593pt.
 We now make it that large for the rest of the document.
 This may cause the page layout to be inconsistent, however.

[32]
Chapitre 4.

Overfull \hbox (32.7291pt too wide) in paragraph at lines 639--639
[][][][]\T1/phv/m/n/12 conclusion  
 []


Overfull \hbox (32.7291pt too wide) in paragraph at lines 639--639
[][][][]\T1/phv/m/n/12 conclusion  
 []


Overfull \hbox (32.7291pt too wide) in paragraph at lines 639--639
[][][][]\T1/phv/m/n/12 conclusion  
 []


Overfull \hbox (32.7291pt too wide) in paragraph at lines 639--639
[][][][]\T1/phv/m/n/12 conclusion  
 []

[33

]
Chapitre 5.

Overfull \hbox (17.7192pt too wide) in paragraph at lines 645--646
[]\T1/phv/m/n/12 Attention : Ce schéma ne re-prend que les tables im-por-tantes pour l'ap-pli-ca-tion
 []

<images/schemas/ticket-database-schema.png, id=131, 1589.94pt x 1295.84125pt>
File: images/schemas/ticket-database-schema.png Graphic file (type png)

<use images/schemas/ticket-database-schema.png>
Package pdftex.def Info: images/schemas/ticket-database-schema.png used on input line 649.
(pdftex.def)             Requested size: 592.0pt x 482.4988pt.
 [34

]

Package Fancyhdr Warning: \headheight is too small (12.0pt): 
 Make it at least 14.49998pt.
 We now make it that large for the rest of the document.
 This may cause the page layout to be inconsistent, however.

[35 <J:/CODING/repos/git/py/tickets/rapport tfe/latex/images/schemas/ticket-database-schema.png (PNG copy)>]
Overfull \hbox (119.23264pt too wide) in paragraph at lines 677--678
[]\T1/phv/m/n/12 http ://www.gregaker.net/2012/apr/19/how-do-django-class-based-views-work/ 
 []


Overfull \hbox (30.15741pt too wide) in paragraph at lines 682--683
[]\T1/phv/m/n/12 http ://en.wikipedia.org/wiki/Django_-%28web_-fra-me-work%29 
 []

[36

] ("J:\CODING\repos\git\py\tickets\rapport tfe\latex\TFE.aux") ) 
Here is how much of TeX's memory you used:
 15647 strings out of 493921
 297304 string characters out of 3147279
 339609 words of memory out of 3000000
 18561 multiletter control sequences out of 15000+200000
 52960 words of font info for 55 fonts, out of 3000000 for 9000
 841 hyphenation exceptions out of 8191
 62i,11n,76p,526b,702s stack positions out of 5000i,500n,10000p,200000b,50000s
{C:/Program Files/MiKTeX 2.9/fonts/enc/dvips/fontname/8r
.enc}<C:/Program Files/MiKTeX 2.9/fonts/type1/urw/helvetic/uhvb8a.pfb><C:/Program Files/MiKTeX 2.9/fonts/type1/urw/helve
tic/uhvr8a.pfb><C:/Program Files/MiKTeX 2.9/fonts/type1/urw/helvetic/uhvro8a.pfb>
Output written on TFE.pdf (36 pages, 423724 bytes).
PDF statistics:
 153 PDF objects out of 1000 (max. 8388607)
 0 named destinations out of 1000 (max. 500000)
 68 words of extra memory for PDF output out of 10000 (max. 10000000)

